# JRE version: OpenJDK Runtime Environment (8.0_322-b06) (build 1.8.0_322-b06)
# Java VM: OpenJDK 64-Bit Server VM (25.322-b06 mixed mode windows-amd64 compressed oops)
Heap:
 PSYoungGen      total 535040K, used 261334K [0x000000076b400000, 0x00000007a2f80000, 0x00000007c0000000)
  eden space 178688K, 5% used [0x000000076b400000,0x000000076be74898,0x0000000776280000)
  from space 356352K, 70% used [0x0000000776680000,0x0000000785b41110,0x000000078c280000)
  to   space 367104K, 0% used [0x000000078c900000,0x000000078c900000,0x00000007a2f80000)
 ParOldGen       total 433152K, used 137555K [0x00000006c1c00000, 0x00000006dc300000, 0x000000076b400000)
  object space 433152K, 31% used [0x00000006c1c00000,0x00000006ca254fa0,0x00000006dc300000)
 Metaspace       used 59607K, capacity 108857K, committed 112600K, reserved 1150976K
  class space    used 6082K, capacity 8342K, committed 10752K, reserved 1048576K
GC Heap History (10 events):
Event: 3894.706 GC heap before
{Heap before GC invocations=63 (full 6):
 PSYoungGen      total 537088K, used 375806K [0x000000076b400000, 0x00000007a2800000, 0x00000007c0000000)
  eden space 204800K, 100% used [0x000000076b400000,0x0000000777c00000,0x0000000777c00000)
  from space 332288K, 51% used [0x000000078e380000,0x0000000798a7f8b0,0x00000007a2800000)
  to   space 350208K, 0% used [0x0000000777c00000,0x0000000777c00000,0x000000078d200000)
 ParOldGen       total 433152K, used 137555K [0x00000006c1c00000, 0x00000006dc300000, 0x000000076b400000)
  object space 433152K, 31% used [0x00000006c1c00000,0x00000006ca254fa0,0x00000006dc300000)
 Metaspace       used 55319K, capacity 95801K, committed 112472K, reserved 1150976K
  class space    used 5691K, capacity 7690K, committed 10624K, reserved 1048576K
Event: 3894.761 GC heap after
Heap after GC invocations=63 (full 6):
 PSYoungGen      total 388096K, used 187710K [0x000000076b400000, 0x00000007a1880000, 0x00000007c0000000)
  eden space 200192K, 0% used [0x000000076b400000,0x000000076b400000,0x0000000777780000)
  from space 187904K, 99% used [0x0000000777c00000,0x000000078334f8d0,0x0000000783380000)
  to   space 344576K, 0% used [0x000000078c800000,0x000000078c800000,0x00000007a1880000)
 ParOldGen       total 433152K, used 137555K [0x00000006c1c00000, 0x00000006dc300000, 0x000000076b400000)
  object space 433152K, 31% used [0x00000006c1c00000,0x00000006ca254fa0,0x00000006dc300000)
 Metaspace       used 55319K, capacity 95801K, committed 112472K, reserved 1150976K
  class space    used 5691K, capacity 7690K, committed 10624K, reserved 1048576K
}
Event: 3954.804 GC heap before
{Heap before GC invocations=64 (full 6):
 PSYoungGen      total 388096K, used 387902K [0x000000076b400000, 0x00000007a1880000, 0x00000007c0000000)
  eden space 200192K, 100% used [0x000000076b400000,0x0000000777780000,0x0000000777780000)
  from space 187904K, 99% used [0x0000000777c00000,0x000000078334f8d0,0x0000000783380000)
  to   space 344576K, 0% used [0x000000078c800000,0x000000078c800000,0x00000007a1880000)
 ParOldGen       total 433152K, used 137555K [0x00000006c1c00000, 0x00000006dc300000, 0x000000076b400000)
  object space 433152K, 31% used [0x00000006c1c00000,0x00000006ca254fa0,0x00000006dc300000)
 Metaspace       used 56422K, capacity 99161K, committed 112472K, reserved 1150976K
  class space    used 5792K, capacity 7850K, committed 10624K, reserved 1048576K
Event: 3954.864 GC heap after
Heap after GC invocations=64 (full 6):
 PSYoungGen      total 534528K, used 203791K [0x000000076b400000, 0x00000007a1300000, 0x00000007c0000000)
  eden space 195584K, 0% used [0x000000076b400000,0x000000076b400000,0x0000000777300000)
  from space 338944K, 60% used [0x000000078c800000,0x0000000798f03e00,0x00000007a1300000)
  to   space 344064K, 0% used [0x0000000777300000,0x0000000777300000,0x000000078c300000)
 ParOldGen       total 433152K, used 137555K [0x00000006c1c00000, 0x00000006dc300000, 0x000000076b400000)
  object space 433152K, 31% used [0x00000006c1c00000,0x00000006ca254fa0,0x00000006dc300000)
 Metaspace       used 56422K, capacity 99161K, committed 112472K, reserved 1150976K
  class space    used 5792K, capacity 7850K, committed 10624K, reserved 1048576K
}
Event: 4014.851 GC heap before
{Heap before GC invocations=65 (full 6):
 PSYoungGen      total 534528K, used 399375K [0x000000076b400000, 0x00000007a1300000, 0x00000007c0000000)
  eden space 195584K, 100% used [0x000000076b400000,0x0000000777300000,0x0000000777300000)
  from space 338944K, 60% used [0x000000078c800000,0x0000000798f03e00,0x00000007a1300000)
  to   space 344064K, 0% used [0x0000000777300000,0x0000000777300000,0x000000078c300000)
 ParOldGen       total 433152K, used 137555K [0x00000006c1c00000, 0x00000006dc300000, 0x000000076b400000)
  object space 433152K, 31% used [0x00000006c1c00000,0x00000006ca254fa0,0x00000006dc300000)
 Metaspace       used 57499K, capacity 102447K, committed 112472K, reserved 1150976K
  class space    used 5890K, capacity 8008K, committed 10624K, reserved 1048576K
Event: 4014.914 GC heap after
Heap after GC invocations=65 (full 6):
 PSYoungGen      total 411648K, used 220400K [0x000000076b400000, 0x00000007a1680000, 0x00000007c0000000)
  eden space 190976K, 0% used [0x000000076b400000,0x000000076b400000,0x0000000776e80000)
  from space 220672K, 99% used [0x0000000777300000,0x0000000784a3c3a0,0x0000000784a80000)
  to   space 348160K, 0% used [0x000000078c280000,0x000000078c280000,0x00000007a1680000)
 ParOldGen       total 433152K, used 137555K [0x00000006c1c00000, 0x00000006dc300000, 0x000000076b400000)
  object space 433152K, 31% used [0x00000006c1c00000,0x00000006ca254fa0,0x00000006dc300000)
 Metaspace       used 57499K, capacity 102447K, committed 112472K, reserved 1150976K
  class space    used 5890K, capacity 8008K, committed 10624K, reserved 1048576K
}
Event: 4064.978 GC heap before
{Heap before GC invocations=66 (full 6):
 PSYoungGen      total 411648K, used 411376K [0x000000076b400000, 0x00000007a1680000, 0x00000007c0000000)
  eden space 190976K, 100% used [0x000000076b400000,0x0000000776e80000,0x0000000776e80000)
  from space 220672K, 99% used [0x0000000777300000,0x0000000784a3c3a0,0x0000000784a80000)
  to   space 348160K, 0% used [0x000000078c280000,0x000000078c280000,0x00000007a1680000)
 ParOldGen       total 433152K, used 137555K [0x00000006c1c00000, 0x00000006dc300000, 0x000000076b400000)
  object space 433152K, 31% used [0x00000006c1c00000,0x00000006ca254fa0,0x00000006dc300000)
 Metaspace       used 58560K, capacity 105713K, committed 112472K, reserved 1150976K
  class space    used 5986K, capacity 8162K, committed 10624K, reserved 1048576K
Event: 4065.039 GC heap after
Heap after GC invocations=66 (full 6):
 PSYoungGen      total 530944K, used 235649K [0x000000076b400000, 0x00000007a2280000, 0x00000007c0000000)
  eden space 182784K, 0% used [0x000000076b400000,0x000000076b400000,0x0000000776680000)
  from space 348160K, 67% used [0x000000078c280000,0x000000079a8a0590,0x00000007a1680000)
  to   space 356352K, 0% used [0x0000000776680000,0x0000000776680000,0x000000078c280000)
 ParOldGen       total 433152K, used 137555K [0x00000006c1c00000, 0x00000006dc300000, 0x000000076b400000)
  object space 433152K, 31% used [0x00000006c1c00000,0x00000006ca254fa0,0x00000006dc300000)
 Metaspace       used 58560K, capacity 105713K, committed 112472K, reserved 1150976K
  class space    used 5986K, capacity 8162K, committed 10624K, reserved 1048576K
}
Event: 4115.065 GC heap before
{Heap before GC invocations=67 (full 6):
 PSYoungGen      total 530944K, used 418433K [0x000000076b400000, 0x00000007a2280000, 0x00000007c0000000)
  eden space 182784K, 100% used [0x000000076b400000,0x0000000776680000,0x0000000776680000)
  from space 348160K, 67% used [0x000000078c280000,0x000000079a8a0590,0x00000007a1680000)
  to   space 356352K, 0% used [0x0000000776680000,0x0000000776680000,0x000000078c280000)
 ParOldGen       total 433152K, used 137555K [0x00000006c1c00000, 0x00000006dc300000, 0x000000076b400000)
  object space 433152K, 31% used [0x00000006c1c00000,0x00000006ca254fa0,0x00000006dc300000)
 Metaspace       used 59554K, capacity 108695K, committed 112600K, reserved 1150976K
  class space    used 6077K, capacity 8336K, committed 10752K, reserved 1048576K
Event: 4115.140 GC heap after
Heap after GC invocations=67 (full 6):
 PSYoungGen      total 535040K, used 250628K [0x000000076b400000, 0x00000007a2f80000, 0x00000007c0000000)
  eden space 178688K, 0% used [0x000000076b400000,0x000000076b400000,0x0000000776280000)
  from space 356352K, 70% used [0x0000000776680000,0x0000000785b41110,0x000000078c280000)
  to   space 367104K, 0% used [0x000000078c900000,0x000000078c900000,0x00000007a2f80000)
 ParOldGen       total 433152K, used 137555K [0x00000006c1c00000, 0x00000006dc300000, 0x000000076b400000)
  object space 433152K, 31% used [0x00000006c1c00000,0x00000006ca254fa0,0x00000006dc300000)
 Metaspace       used 59554K, capacity 108695K, committed 112600K, reserved 1150976K
  class space    used 6077K, capacity 8336K, committed 10752K, reserved 1048576K
}

