# JRE version: OpenJDK Runtime Environment (8.0_322-b06) (build 1.8.0_322-b06)
# Java VM: OpenJDK 64-Bit Server VM (25.322-b06 mixed mode windows-amd64 compressed oops)
Heap:
 PSYoungGen      total 677376K, used 48675K [0x000000076b400000, 0x000000079cd00000, 0x00000007c0000000)
  eden space 575488K, 0% used [0x000000076b400000,0x000000076b400000,0x000000078e600000)
  from space 101888K, 47% used [0x000000078e600000,0x0000000791588fe0,0x0000000794980000)
  to   space 100352K, 0% used [0x0000000796b00000,0x0000000796b00000,0x000000079cd00000)
 ParOldGen       total 303616K, used 252351K [0x00000006c1c00000, 0x00000006d4480000, 0x000000076b400000)
  object space 303616K, 83% used [0x00000006c1c00000,0x00000006d126ff38,0x00000006d4480000)
 Metaspace       used 60555K, capacity 97828K, committed 98560K, reserved 1140736K
  class space    used 5786K, capacity 7572K, committed 7936K, reserved 1048576K
GC Heap History (10 events):
Event: 309.565 GC heap after
Heap after GC invocations=29 (full 4):
 PSYoungGen      total 546816K, used 0K [0x000000076b400000, 0x0000000794980000, 0x00000007c0000000)
  eden space 494080K, 0% used [0x000000076b400000,0x000000076b400000,0x0000000789680000)
  from space 52736K, 0% used [0x0000000789680000,0x0000000789680000,0x000000078ca00000)
  to   space 57856K, 0% used [0x0000000791100000,0x0000000791100000,0x0000000794980000)
 ParOldGen       total 303616K, used 133095K [0x00000006c1c00000, 0x00000006d4480000, 0x000000076b400000)
  object space 303616K, 43% used [0x00000006c1c00000,0x00000006c9df9e98,0x00000006d4480000)
 Metaspace       used 44031K, capacity 57632K, committed 72448K, reserved 1116160K
  class space    used 4539K, capacity 5690K, committed 6656K, reserved 1048576K
}
Event: 429.632 GC heap before
{Heap before GC invocations=30 (full 4):
 PSYoungGen      total 546816K, used 494080K [0x000000076b400000, 0x0000000794980000, 0x00000007c0000000)
  eden space 494080K, 100% used [0x000000076b400000,0x0000000789680000,0x0000000789680000)
  from space 52736K, 0% used [0x0000000789680000,0x0000000789680000,0x000000078ca00000)
  to   space 57856K, 0% used [0x0000000791100000,0x0000000791100000,0x0000000794980000)
 ParOldGen       total 303616K, used 133095K [0x00000006c1c00000, 0x00000006d4480000, 0x000000076b400000)
  object space 303616K, 43% used [0x00000006c1c00000,0x00000006c9df9e98,0x00000006d4480000)
 Metaspace       used 46632K, capacity 64938K, committed 72448K, reserved 1116160K
  class space    used 4756K, capacity 6048K, committed 6656K, reserved 1048576K
Event: 429.648 GC heap after
Heap after GC invocations=30 (full 4):
 PSYoungGen      total 599040K, used 36339K [0x000000076b400000, 0x0000000794200000, 0x00000007c0000000)
  eden space 548864K, 0% used [0x000000076b400000,0x000000076b400000,0x000000078cc00000)
  from space 50176K, 72% used [0x0000000791100000,0x000000079347cc50,0x0000000794200000)
  to   space 60416K, 0% used [0x000000078cc00000,0x000000078cc00000,0x0000000790700000)
 ParOldGen       total 303616K, used 133103K [0x00000006c1c00000, 0x00000006d4480000, 0x000000076b400000)
  object space 303616K, 43% used [0x00000006c1c00000,0x00000006c9dfbe98,0x00000006d4480000)
 Metaspace       used 46632K, capacity 64938K, committed 72448K, reserved 1116160K
  class space    used 4756K, capacity 6048K, committed 6656K, reserved 1048576K
}
Event: 589.936 GC heap before
{Heap before GC invocations=31 (full 4):
 PSYoungGen      total 599040K, used 585203K [0x000000076b400000, 0x0000000794200000, 0x00000007c0000000)
  eden space 548864K, 100% used [0x000000076b400000,0x000000078cc00000,0x000000078cc00000)
  from space 50176K, 72% used [0x0000000791100000,0x000000079347cc50,0x0000000794200000)
  to   space 60416K, 0% used [0x000000078cc00000,0x000000078cc00000,0x0000000790700000)
 ParOldGen       total 303616K, used 133103K [0x00000006c1c00000, 0x00000006d4480000, 0x000000076b400000)
  object space 303616K, 43% used [0x00000006c1c00000,0x00000006c9dfbe98,0x00000006d4480000)
 Metaspace       used 49751K, capacity 74222K, committed 74880K, reserved 1118208K
  class space    used 5030K, capacity 6485K, committed 6784K, reserved 1048576K
Event: 589.970 GC heap after
Heap after GC invocations=31 (full 4):
 PSYoungGen      total 609280K, used 60404K [0x000000076b400000, 0x0000000799600000, 0x00000007c0000000)
  eden space 548864K, 0% used [0x000000076b400000,0x000000076b400000,0x000000078cc00000)
  from space 60416K, 99% used [0x000000078cc00000,0x00000007906fd1f0,0x0000000790700000)
  to   space 78336K, 0% used [0x0000000794980000,0x0000000794980000,0x0000000799600000)
 ParOldGen       total 303616K, used 152386K [0x00000006c1c00000, 0x00000006d4480000, 0x000000076b400000)
  object space 303616K, 50% used [0x00000006c1c00000,0x00000006cb0d08b0,0x00000006d4480000)
 Metaspace       used 49751K, capacity 74222K, committed 74880K, reserved 1118208K
  class space    used 5030K, capacity 6485K, committed 6784K, reserved 1048576K
}
Event: 740.220 GC heap before
{Heap before GC invocations=32 (full 4):
 PSYoungGen      total 609280K, used 609268K [0x000000076b400000, 0x0000000799600000, 0x00000007c0000000)
  eden space 548864K, 100% used [0x000000076b400000,0x000000078cc00000,0x000000078cc00000)
  from space 60416K, 99% used [0x000000078cc00000,0x00000007906fd1f0,0x0000000790700000)
  to   space 78336K, 0% used [0x0000000794980000,0x0000000794980000,0x0000000799600000)
 ParOldGen       total 303616K, used 152386K [0x00000006c1c00000, 0x00000006d4480000, 0x000000076b400000)
  object space 303616K, 50% used [0x00000006c1c00000,0x00000006cb0d08b0,0x00000006d4480000)
 Metaspace       used 57256K, capacity 88018K, committed 88832K, reserved 1130496K
  class space    used 5495K, capacity 7115K, committed 7424K, reserved 1048576K
Event: 740.257 GC heap after
Heap after GC invocations=32 (full 4):
 PSYoungGen      total 653824K, used 78326K [0x000000076b400000, 0x000000079bb80000, 0x00000007c0000000)
  eden space 575488K, 0% used [0x000000076b400000,0x000000076b400000,0x000000078e600000)
  from space 78336K, 99% used [0x0000000794980000,0x00000007995fd9f0,0x0000000799600000)
  to   space 101888K, 0% used [0x000000078e600000,0x000000078e600000,0x0000000794980000)
 ParOldGen       total 303616K, used 178024K [0x00000006c1c00000, 0x00000006d4480000, 0x000000076b400000)
  object space 303616K, 58% used [0x00000006c1c00000,0x00000006cc9da148,0x00000006d4480000)
 Metaspace       used 57256K, capacity 88018K, committed 88832K, reserved 1130496K
  class space    used 5495K, capacity 7115K, committed 7424K, reserved 1048576K
}
Event: 910.429 GC heap before
{Heap before GC invocations=33 (full 4):
 PSYoungGen      total 653824K, used 653814K [0x000000076b400000, 0x000000079bb80000, 0x00000007c0000000)
  eden space 575488K, 100% used [0x000000076b400000,0x000000078e600000,0x000000078e600000)
  from space 78336K, 99% used [0x0000000794980000,0x00000007995fd9f0,0x0000000799600000)
  to   space 101888K, 0% used [0x000000078e600000,0x000000078e600000,0x0000000794980000)
 ParOldGen       total 303616K, used 178024K [0x00000006c1c00000, 0x00000006d4480000, 0x000000076b400000)
  object space 303616K, 58% used [0x00000006c1c00000,0x00000006cc9da148,0x00000006d4480000)
 Metaspace       used 60555K, capacity 97828K, committed 98560K, reserved 1140736K
  class space    used 5786K, capacity 7572K, committed 7936K, reserved 1048576K
Event: 910.490 GC heap after
Heap after GC invocations=33 (full 4):
 PSYoungGen      total 677376K, used 48675K [0x000000076b400000, 0x000000079cd00000, 0x00000007c0000000)
  eden space 575488K, 0% used [0x000000076b400000,0x000000076b400000,0x000000078e600000)
  from space 101888K, 47% used [0x000000078e600000,0x0000000791588fe0,0x0000000794980000)
  to   space 100352K, 0% used [0x0000000796b00000,0x0000000796b00000,0x000000079cd00000)
 ParOldGen       total 303616K, used 252351K [0x00000006c1c00000, 0x00000006d4480000, 0x000000076b400000)
  object space 303616K, 83% used [0x00000006c1c00000,0x00000006d126ff38,0x00000006d4480000)
 Metaspace       used 60555K, capacity 97828K, committed 98560K, reserved 1140736K
  class space    used 5786K, capacity 7572K, committed 7936K, reserved 1048576K
}
Event: 910.490 GC heap before
{Heap before GC invocations=34 (full 5):
 PSYoungGen      total 677376K, used 48675K [0x000000076b400000, 0x000000079cd00000, 0x00000007c0000000)
  eden space 575488K, 0% used [0x000000076b400000,0x000000076b400000,0x000000078e600000)
  from space 101888K, 47% used [0x000000078e600000,0x0000000791588fe0,0x0000000794980000)
  to   space 100352K, 0% used [0x0000000796b00000,0x0000000796b00000,0x000000079cd00000)
 ParOldGen       total 303616K, used 252351K [0x00000006c1c00000, 0x00000006d4480000, 0x000000076b400000)
  object space 303616K, 83% used [0x00000006c1c00000,0x00000006d126ff38,0x00000006d4480000)
 Metaspace       used 60555K, capacity 97828K, committed 98560K, reserved 1140736K
  class space    used 5786K, capacity 7572K, committed 7936K, reserved 1048576K

