# JRE version: OpenJDK Runtime Environment (8.0_322-b06) (build 1.8.0_322-b06)
# Java VM: OpenJDK 64-Bit Server VM (25.322-b06 mixed mode windows-amd64 compressed oops)
Heap:
 PSYoungGen      total 600576K, used 115131K [0x000000076b400000, 0x0000000794e80000, 0x00000007c0000000)
  eden space 525312K, 13% used [0x000000076b400000,0x000000076fb92190,0x000000078b500000)
  from space 75264K, 55% used [0x0000000790000000,0x00000007928dca70,0x0000000794980000)
  to   space 76800K, 0% used [0x000000078b500000,0x000000078b500000,0x0000000790000000)
 ParOldGen       total 337920K, used 134524K [0x00000006c1c00000, 0x00000006d6600000, 0x000000076b400000)
  object space 337920K, 39% used [0x00000006c1c00000,0x00000006c9f5f040,0x00000006d6600000)
 Metaspace       used 43841K, capacity 63828K, committed 76160K, reserved 1118208K
  class space    used 4652K, capacity 6004K, committed 6656K, reserved 1048576K
GC Heap History (10 events):
Event: 270.726 GC heap before
{Heap before GC invocations=28 (full 3):
 PSYoungGen      total 491008K, used 490993K [0x000000076b400000, 0x0000000790380000, 0x00000007c0000000)
  eden space 475136K, 100% used [0x000000076b400000,0x0000000788400000,0x0000000788400000)
  from space 15872K, 99% used [0x000000078be00000,0x000000078cd7c4f0,0x000000078cd80000)
  to   space 59392K, 0% used [0x0000000788400000,0x0000000788400000,0x000000078be00000)
 ParOldGen       total 210944K, used 142837K [0x00000006c1c00000, 0x00000006cea00000, 0x000000076b400000)
  object space 210944K, 67% used [0x00000006c1c00000,0x00000006ca77d518,0x00000006cea00000)
 Metaspace       used 40626K, capacity 63026K, committed 63360K, reserved 1105920K
  class space    used 4541K, capacity 5925K, committed 6016K, reserved 1048576K
Event: 270.750 GC heap after
Heap after GC invocations=28 (full 3):
 PSYoungGen      total 534528K, used 38739K [0x000000076b400000, 0x0000000792b80000, 0x00000007c0000000)
  eden space 475136K, 0% used [0x000000076b400000,0x000000076b400000,0x0000000788400000)
  from space 59392K, 65% used [0x0000000788400000,0x000000078a9d4c20,0x000000078be00000)
  to   space 62976K, 0% used [0x000000078ee00000,0x000000078ee00000,0x0000000792b80000)
 ParOldGen       total 210944K, used 158161K [0x00000006c1c00000, 0x00000006cea00000, 0x000000076b400000)
  object space 210944K, 74% used [0x00000006c1c00000,0x00000006cb674518,0x00000006cea00000)
 Metaspace       used 40626K, capacity 63026K, committed 63360K, reserved 1105920K
  class space    used 4541K, capacity 5925K, committed 6016K, reserved 1048576K
}
Event: 387.454 GC heap before
{Heap before GC invocations=29 (full 3):
 PSYoungGen      total 534528K, used 513875K [0x000000076b400000, 0x0000000792b80000, 0x00000007c0000000)
  eden space 475136K, 100% used [0x000000076b400000,0x0000000788400000,0x0000000788400000)
  from space 59392K, 65% used [0x0000000788400000,0x000000078a9d4c20,0x000000078be00000)
  to   space 62976K, 0% used [0x000000078ee00000,0x000000078ee00000,0x0000000792b80000)
 ParOldGen       total 210944K, used 158161K [0x00000006c1c00000, 0x00000006cea00000, 0x000000076b400000)
  object space 210944K, 74% used [0x00000006c1c00000,0x00000006cb674518,0x00000006cea00000)
 Metaspace       used 46895K, capacity 73988K, committed 74112K, reserved 1116160K
  class space    used 4944K, capacity 6477K, committed 6528K, reserved 1048576K
Event: 387.482 GC heap after
Heap after GC invocations=29 (full 3):
 PSYoungGen      total 565760K, used 62964K [0x000000076b400000, 0x0000000793700000, 0x00000007c0000000)
  eden space 502784K, 0% used [0x000000076b400000,0x000000076b400000,0x0000000789f00000)
  from space 62976K, 99% used [0x000000078ee00000,0x0000000792b7d240,0x0000000792b80000)
  to   space 77824K, 0% used [0x0000000789f00000,0x0000000789f00000,0x000000078eb00000)
 ParOldGen       total 210944K, used 167917K [0x00000006c1c00000, 0x00000006cea00000, 0x000000076b400000)
  object space 210944K, 79% used [0x00000006c1c00000,0x00000006cbffb610,0x00000006cea00000)
 Metaspace       used 46895K, capacity 73988K, committed 74112K, reserved 1116160K
  class space    used 4944K, capacity 6477K, committed 6528K, reserved 1048576K
}
Event: 427.433 GC heap before
{Heap before GC invocations=30 (full 3):
 PSYoungGen      total 565760K, used 203983K [0x000000076b400000, 0x0000000793700000, 0x00000007c0000000)
  eden space 502784K, 28% used [0x000000076b400000,0x0000000773db6cd0,0x0000000789f00000)
  from space 62976K, 99% used [0x000000078ee00000,0x0000000792b7d240,0x0000000792b80000)
  to   space 77824K, 0% used [0x0000000789f00000,0x0000000789f00000,0x000000078eb00000)
 ParOldGen       total 210944K, used 167917K [0x00000006c1c00000, 0x00000006cea00000, 0x000000076b400000)
  object space 210944K, 79% used [0x00000006c1c00000,0x00000006cbffb610,0x00000006cea00000)
 Metaspace       used 47598K, capacity 76070K, committed 76160K, reserved 1118208K
  class space    used 5004K, capacity 6571K, committed 6656K, reserved 1048576K
Event: 427.464 GC heap after
Heap after GC invocations=30 (full 3):
 PSYoungGen      total 580608K, used 10432K [0x000000076b400000, 0x0000000794980000, 0x00000007c0000000)
  eden space 502784K, 0% used [0x000000076b400000,0x000000076b400000,0x0000000789f00000)
  from space 77824K, 13% used [0x0000000789f00000,0x000000078a930300,0x000000078eb00000)
  to   space 75264K, 0% used [0x0000000790000000,0x0000000790000000,0x0000000794980000)
 ParOldGen       total 227840K, used 227244K [0x00000006c1c00000, 0x00000006cfa80000, 0x000000076b400000)
  object space 227840K, 99% used [0x00000006c1c00000,0x00000006cf9eb0d0,0x00000006cfa80000)
 Metaspace       used 47598K, capacity 76070K, committed 76160K, reserved 1118208K
  class space    used 5004K, capacity 6571K, committed 6656K, reserved 1048576K
}
Event: 427.464 GC heap before
{Heap before GC invocations=31 (full 4):
 PSYoungGen      total 580608K, used 10432K [0x000000076b400000, 0x0000000794980000, 0x00000007c0000000)
  eden space 502784K, 0% used [0x000000076b400000,0x000000076b400000,0x0000000789f00000)
  from space 77824K, 13% used [0x0000000789f00000,0x000000078a930300,0x000000078eb00000)
  to   space 75264K, 0% used [0x0000000790000000,0x0000000790000000,0x0000000794980000)
 ParOldGen       total 227840K, used 227244K [0x00000006c1c00000, 0x00000006cfa80000, 0x000000076b400000)
  object space 227840K, 99% used [0x00000006c1c00000,0x00000006cf9eb0d0,0x00000006cfa80000)
 Metaspace       used 47598K, capacity 76070K, committed 76160K, reserved 1118208K
  class space    used 5004K, capacity 6571K, committed 6656K, reserved 1048576K
Event: 427.570 GC heap after
Heap after GC invocations=31 (full 4):
 PSYoungGen      total 580608K, used 0K [0x000000076b400000, 0x0000000794980000, 0x00000007c0000000)
  eden space 502784K, 0% used [0x000000076b400000,0x000000076b400000,0x0000000789f00000)
  from space 77824K, 0% used [0x0000000789f00000,0x0000000789f00000,0x000000078eb00000)
  to   space 75264K, 0% used [0x0000000790000000,0x0000000790000000,0x0000000794980000)
 ParOldGen       total 337920K, used 134516K [0x00000006c1c00000, 0x00000006d6600000, 0x000000076b400000)
  object space 337920K, 39% used [0x00000006c1c00000,0x00000006c9f5d040,0x00000006d6600000)
 Metaspace       used 40432K, capacity 54146K, committed 76160K, reserved 1118208K
  class space    used 4352K, capacity 5527K, committed 6656K, reserved 1048576K
}
Event: 572.498 GC heap before
{Heap before GC invocations=32 (full 4):
 PSYoungGen      total 580608K, used 502784K [0x000000076b400000, 0x0000000794980000, 0x00000007c0000000)
  eden space 502784K, 100% used [0x000000076b400000,0x0000000789f00000,0x0000000789f00000)
  from space 77824K, 0% used [0x0000000789f00000,0x0000000789f00000,0x000000078eb00000)
  to   space 75264K, 0% used [0x0000000790000000,0x0000000790000000,0x0000000794980000)
 ParOldGen       total 337920K, used 134516K [0x00000006c1c00000, 0x00000006d6600000, 0x000000076b400000)
  object space 337920K, 39% used [0x00000006c1c00000,0x00000006c9f5d040,0x00000006d6600000)
 Metaspace       used 43473K, capacity 62732K, committed 76160K, reserved 1118208K
  class space    used 4618K, capacity 5952K, committed 6656K, reserved 1048576K
Event: 572.515 GC heap after
Heap after GC invocations=32 (full 4):
 PSYoungGen      total 600576K, used 41842K [0x000000076b400000, 0x0000000794e80000, 0x00000007c0000000)
  eden space 525312K, 0% used [0x000000076b400000,0x000000076b400000,0x000000078b500000)
  from space 75264K, 55% used [0x0000000790000000,0x00000007928dca70,0x0000000794980000)
  to   space 76800K, 0% used [0x000000078b500000,0x000000078b500000,0x0000000790000000)
 ParOldGen       total 337920K, used 134524K [0x00000006c1c00000, 0x00000006d6600000, 0x000000076b400000)
  object space 337920K, 39% used [0x00000006c1c00000,0x00000006c9f5f040,0x00000006d6600000)
 Metaspace       used 43473K, capacity 62732K, committed 76160K, reserved 1118208K
  class space    used 4618K, capacity 5952K, committed 6656K, reserved 1048576K
}

